<?xml version="1.0" encoding="UTF-8"?>
<!-- Generated by org.testng.reporters.JUnitReportReporter -->
<testsuite hostname="LAPTOP-OS77LBS0" failures="0" tests="15" name="com.product_logistic_friegt_forwarding.Producr_Frieght_Adda_Scenarios" time="12.204" errors="0" timestamp="2023-04-10T16:01:29 IST" skipped="14">
  <testcase classname="com.product_logistic_friegt_forwarding.Producr_Frieght_Adda_Scenarios" name="validateAirliePage" time="12.204"/>
  <system-out/>
  <testcase classname="com.product_logistic_friegt_forwarding.Producr_Frieght_Adda_Scenarios" name="verifyCreateServiceType">
    <skipped/>
  </testcase> <!-- verifyCreateServiceType -->
  <system-out/>
  <testcase classname="com.product_logistic_friegt_forwarding.Producr_Frieght_Adda_Scenarios" name="verifyCreateChageUnit">
    <skipped/>
  </testcase> <!-- verifyCreateChageUnit -->
  <system-out/>
  <testcase classname="com.product_logistic_friegt_forwarding.Producr_Frieght_Adda_Scenarios" name="verifyDownloadAirlinesDetialsInCsvFormat">
    <skipped/>
  </testcase> <!-- verifyDownloadAirlinesDetialsInCsvFormat -->
  <system-out/>
  <testcase classname="com.product_logistic_friegt_forwarding.Producr_Frieght_Adda_Scenarios" name="verifyAdminNavigatesFromAilinepageToMastaerPage">
    <skipped/>
  </testcase> <!-- verifyAdminNavigatesFromAilinepageToMastaerPage -->
  <system-out/>
  <testcase classname="com.product_logistic_friegt_forwarding.Producr_Frieght_Adda_Scenarios" name="verifyAirlineHomePageDiaplayed">
    <skipped/>
  </testcase> <!-- verifyAirlineHomePageDiaplayed -->
  <system-out/>
  <testcase classname="com.product_logistic_friegt_forwarding.Producr_Frieght_Adda_Scenarios" name="verifyCreateAirline">
    <skipped/>
  </testcase> <!-- verifyCreateAirline -->
  <system-out/>
  <testcase classname="com.product_logistic_friegt_forwarding.Producr_Frieght_Adda_Scenarios" name="verifyUpdateDetailsPageDisplayed">
    <skipped/>
  </testcase> <!-- verifyUpdateDetailsPageDisplayed -->
  <system-out/>
  <testcase classname="com.product_logistic_friegt_forwarding.Producr_Frieght_Adda_Scenarios" name="verifyCreateBranches">
    <skipped/>
  </testcase> <!-- verifyCreateBranches -->
  <system-out/>
  <testcase classname="com.product_logistic_friegt_forwarding.Producr_Frieght_Adda_Scenarios" name="veriyCreateChargeType">
    <skipped/>
  </testcase> <!-- veriyCreateChargeType -->
  <system-out/>
  <testcase classname="com.product_logistic_friegt_forwarding.Producr_Frieght_Adda_Scenarios" name="verifyUpdateExistingAirlineDetails">
    <skipped/>
  </testcase> <!-- verifyUpdateExistingAirlineDetails -->
  <system-out/>
  <testcase classname="com.product_logistic_friegt_forwarding.Producr_Frieght_Adda_Scenarios" name="verifySaveButtonFunctionality">
    <skipped/>
  </testcase> <!-- verifySaveButtonFunctionality -->
  <system-out/>
  <testcase classname="com.product_logistic_friegt_forwarding.Producr_Frieght_Adda_Scenarios" name="verifyAirlineCreateFiledsDisplayed">
    <skipped/>
  </testcase> <!-- verifyAirlineCreateFiledsDisplayed -->
  <system-out/>
  <testcase classname="com.product_logistic_friegt_forwarding.Producr_Frieght_Adda_Scenarios" name="verifyDownloadAirlinesDetialsInExcelFormat">
    <skipped/>
  </testcase> <!-- verifyDownloadAirlinesDetialsInExcelFormat -->
  <system-out/>
  <testcase classname="com.product_logistic_friegt_forwarding.Producr_Frieght_Adda_Scenarios" name="verifyCreateTaxType">
    <skipped/>
  </testcase> <!-- verifyCreateTaxType -->
  <system-out/>
</testsuite> <!-- com.product_logistic_friegt_forwarding.Producr_Frieght_Adda_Scenarios -->
