<?xml version="1.0" encoding="UTF-8"?>
<!-- Generated by org.testng.reporters.JUnitReportReporter -->
<testsuite hostname="LAPTOP-OS77LBS0" failures="0" tests="6" name="com.product_logistic_friegt_forwarding.Producr_Frieght_Adda_Scenarios" time="13.486" errors="0" timestamp="2023-03-21T14:51:40 IST" skipped="5">
  <testcase classname="com.product_logistic_friegt_forwarding.Producr_Frieght_Adda_Scenarios" name="verifyCreateServiceType" time="13.486"/>
  <system-out/>
  <testcase classname="com.product_logistic_friegt_forwarding.Producr_Frieght_Adda_Scenarios" name="verifyCreateChageUnit">
    <skipped/>
  </testcase> <!-- verifyCreateChageUnit -->
  <system-out/>
  <testcase classname="com.product_logistic_friegt_forwarding.Producr_Frieght_Adda_Scenarios" name="verifyCreateBranches">
    <skipped/>
  </testcase> <!-- verifyCreateBranches -->
  <system-out/>
  <testcase classname="com.product_logistic_friegt_forwarding.Producr_Frieght_Adda_Scenarios" name="verifyAdminLoginFunctionality">
    <skipped/>
  </testcase> <!-- verifyAdminLoginFunctionality -->
  <system-out/>
  <testcase classname="com.product_logistic_friegt_forwarding.Producr_Frieght_Adda_Scenarios" name="veriyCreateChargeType">
    <skipped/>
  </testcase> <!-- veriyCreateChargeType -->
  <system-out/>
  <testcase classname="com.product_logistic_friegt_forwarding.Producr_Frieght_Adda_Scenarios" name="verifyCreateAirline">
    <skipped/>
  </testcase> <!-- verifyCreateAirline -->
  <system-out/>
</testsuite> <!-- com.product_logistic_friegt_forwarding.Producr_Frieght_Adda_Scenarios -->
