<?xml version="1.0" encoding="UTF-8"?>
<!-- Generated by org.testng.reporters.JUnitReportReporter -->
<testsuite hostname="LAPTOP-OS77LBS0" failures="0" tests="1" name="product_friegt_basepackage.TestBase" time="1.474" errors="0" timestamp="2023-04-06T15:48:41 IST" skipped="0">
  <testcase classname="product_friegt_basepackage.TestBase" name="test" time="1.474"/>
  <system-out/>
</testsuite> <!-- product_friegt_basepackage.TestBase -->
